<?xml version="1.0" encoding="UTF-8"?>
<!-- Generated by org.testng.reporters.JUnitReportReporter -->
<testsuite hostname="LTIN269904" failures="0" tests="2" name="XmlFileWorkingUnderstanding.TestCase2" time="0.007" errors="0" timestamp="2024-05-25T04:46:52 PDT" skipped="0">
  <testcase classname="XmlFileWorkingUnderstanding.TestCase2" name="test4" time="0.003"/>
  <testcase classname="XmlFileWorkingUnderstanding.TestCase2" name="test3" time="0.004"/>
</testsuite> <!-- XmlFileWorkingUnderstanding.TestCase2 -->
