<?xml version="1.0" encoding="UTF-8"?>
<!-- Generated by org.testng.reporters.JUnitReportReporter -->
<testsuite hostname="LTIN269904" failures="0" tests="2" name="Day39ExtentReports.LoginlogoutTest" time="10.312" errors="0" timestamp="2024-05-27T06:14:15 PDT" skipped="0">
  <testcase classname="Day39ExtentReports.LoginlogoutTest" name="login" time="6.747"/>
  <testcase classname="Day39ExtentReports.LoginlogoutTest" name="LogOut" time="3.565"/>
</testsuite> <!-- Day39ExtentReports.LoginlogoutTest -->
