<?xml version="1.0" encoding="UTF-8"?>
<!-- Generated by org.testng.reporters.JUnitReportReporter -->
<testsuite hostname="LTIN269904" failures="0" tests="1" name="XmlFileWorkingUnderstanding.Testcase3" time="0.004" errors="0" timestamp="2024-05-25T04:46:52 PDT" skipped="0">
  <testcase classname="XmlFileWorkingUnderstanding.Testcase3" name="test6" time="0.004"/>
</testsuite> <!-- XmlFileWorkingUnderstanding.Testcase3 -->
