<?xml version="1.0" encoding="UTF-8"?>
<!-- Generated by org.testng.reporters.JUnitReportReporter -->
<testsuite hostname="LTIN269904" failures="0" tests="2" name="Day36AnnotationsDependencyMethodsTypesOfAssertions.BeforeClassAfterClass" time="5.153" errors="0" timestamp="2024-05-23T04:42:23 PDT" skipped="0">
  <testcase classname="Day36AnnotationsDependencyMethodsTypesOfAssertions.BeforeClassAfterClass" name="Searching" time="5.151"/>
  <testcase classname="Day36AnnotationsDependencyMethodsTypesOfAssertions.BeforeClassAfterClass" name="SecondDummyTest" time="0.002"/>
</testsuite> <!-- Day36AnnotationsDependencyMethodsTypesOfAssertions.BeforeClassAfterClass -->
