<?xml version="1.0" encoding="UTF-8"?>
<!-- Generated by org.testng.reporters.JUnitReportReporter -->
<testsuite hostname="LTIN269904" failures="0" tests="2" name="AnnotationsDependencyMethodsTypesOfAssertions.BeforeMethodAfterMethod" time="0.034" errors="0" timestamp="2024-05-23T04:13:44 PDT" skipped="0">
  <testcase classname="AnnotationsDependencyMethodsTypesOfAssertions.BeforeMethodAfterMethod" name="Search" time="0.011"/>
  <testcase classname="AnnotationsDependencyMethodsTypesOfAssertions.BeforeMethodAfterMethod" name="AdvancedSearch" time="0.023"/>
</testsuite> <!-- AnnotationsDependencyMethodsTypesOfAssertions.BeforeMethodAfterMethod -->
