<?xml version="1.0" encoding="UTF-8"?>
<!-- Generated by org.testng.reporters.JUnitReportReporter -->
<testsuite hostname="LTIN269904" failures="0" tests="2" name="XmlFileWorkingUnderstanding.Testcase4" time="0.010" errors="0" timestamp="2024-05-25T04:46:52 PDT" skipped="0">
  <testcase classname="XmlFileWorkingUnderstanding.Testcase4" name="test8" time="0.005"/>
  <testcase classname="XmlFileWorkingUnderstanding.Testcase4" name="test7" time="0.005"/>
</testsuite> <!-- XmlFileWorkingUnderstanding.Testcase4 -->
