<?xml version="1.0" encoding="UTF-8"?>
<!-- Generated by org.testng.reporters.JUnitReportReporter -->
<testsuite hostname="LTIN269904" failures="0" tests="3" name="Day37Grouping.Grouping" time="0.085" errors="0" timestamp="2024-05-25T03:55:56 PDT" skipped="0">
  <testcase classname="Day37Grouping.Grouping" name="loginByfacebook" time="0.074"/>
  <testcase classname="Day37Grouping.Grouping" name="loginBytwitter" time="0.007"/>
  <testcase classname="Day37Grouping.Grouping" name="paymentinrupees" time="0.004"/>
</testsuite> <!-- Day37Grouping.Grouping -->
