<?xml version="1.0" encoding="UTF-8"?>
<!-- Generated by org.testng.reporters.JUnitReportReporter -->
<testsuite hostname="LTIN269904" failures="0" tests="3" name="Day35TestNGIntroductionAnnotation.IntroductionToTestNGAndAnnotations" time="0.024" errors="0" timestamp="2024-05-18T06:17:00 PDT" skipped="0">
  <testcase classname="Day35TestNGIntroductionAnnotation.IntroductionToTestNGAndAnnotations" name="f" time="0.019"/>
  <testcase classname="Day35TestNGIntroductionAnnotation.IntroductionToTestNGAndAnnotations" name="c" time="0.002"/>
  <testcase classname="Day35TestNGIntroductionAnnotation.IntroductionToTestNGAndAnnotations" name="a" time="0.003"/>
</testsuite> <!-- Day35TestNGIntroductionAnnotation.IntroductionToTestNGAndAnnotations -->
