<?xml version="1.0" encoding="UTF-8"?>
<!-- Generated by org.testng.reporters.JUnitReportReporter -->
<testsuite hostname="LTIN269904" failures="0" tests="2" name="Day40PageObjectModel.loginTest" time="3.014" errors="0" timestamp="2024-05-28T00:54:53 PDT" skipped="0">
  <testcase classname="Day40PageObjectModel.loginTest" name="testLogo" time="0.098"/>
  <testcase classname="Day40PageObjectModel.loginTest" name="testLogin" time="2.916"/>
</testsuite> <!-- Day40PageObjectModel.loginTest -->
