<?xml version="1.0" encoding="UTF-8"?>
<!-- Generated by org.testng.reporters.JUnitReportReporter -->
<testsuite hostname="LTIN269904" failures="0" tests="2" name="Day36BeforeTestAndAfterTest.Test2" time="0.046" errors="0" timestamp="2024-05-24T21:56:04 PDT" skipped="0">
  <testcase classname="Day36BeforeTestAndAfterTest.Test2" name="NormalMethod" time="0.040"/>
  <testcase classname="Day36BeforeTestAndAfterTest.Test2" name="NormalMethod" time="0.006"/>
</testsuite> <!-- Day36BeforeTestAndAfterTest.Test2 -->
