<?xml version="1.0" encoding="UTF-8"?>
<!-- Generated by org.testng.reporters.JUnitReportReporter -->
<testsuite hostname="LTIN269904" failures="0" tests="2" name="XmlFileWorkingUnderstanding.TestCase1" time="0.033" errors="0" timestamp="2024-05-25T04:46:52 PDT" skipped="0">
  <testcase classname="XmlFileWorkingUnderstanding.TestCase1" name="test2" time="0.006"/>
  <testcase classname="XmlFileWorkingUnderstanding.TestCase1" name="test1" time="0.027"/>
</testsuite> <!-- XmlFileWorkingUnderstanding.TestCase1 -->
