<?xml version="1.0" encoding="UTF-8"?>
<!-- Generated by org.testng.reporters.JUnitReportReporter -->
<testsuite hostname="LTIN269904" failures="0" tests="9" name="Coursera.MainTest" time="225.516" errors="0" timestamp="2024-06-06T22:00:08 PDT" skipped="0">
  <testcase classname="Coursera.MainTest" name="SearchInHomePage" time="93.185"/>
  <testcase classname="Coursera.MainTest" name="DisplayLanguageDetails" time="1.458"/>
  <testcase classname="Coursera.MainTest" name="DisplayLevelDetails" time="0.228"/>
  <testcase classname="Coursera.MainTest" name="clickCheckBoxesToViewData" time="7.652"/>
  <testcase classname="Coursera.MainTest" name="SearchedCourseDetails" time="6.429"/>
  <testcase classname="Coursera.MainTest" name="GoToForEnterprises" time="96.134"/>
  <testcase classname="Coursera.MainTest" name="GoToForCampus" time="1.730"/>
  <testcase classname="Coursera.MainTest" name="ScrollToForm" time="2.826"/>
  <testcase classname="Coursera.MainTest" name="FormFillUp" time="15.874"/>
</testsuite> <!-- Coursera.MainTest -->
